<?xml version="1.0" encoding="UTF-8" ?>
<testsuite failures="0" time="2.094" errors="0" skipped="0" tests="3" name="be.raildelays.httpclient.RequestStreamerTest">
  <properties>
    <property name="java.runtime.name" value="Java(TM) SE Runtime Environment"/>
    <property name="sun.boot.library.path" value="C:\Program Files\Java\jdk1.7.0_02\jre\bin"/>
    <property name="java.vm.version" value="22.0-b10"/>
    <property name="user.country.format" value="BE"/>
    <property name="java.vm.vendor" value="Oracle Corporation"/>
    <property name="java.vendor.url" value="http://java.oracle.com/"/>
    <property name="path.separator" value=";"/>
    <property name="java.vm.name" value="Java HotSpot(TM) Client VM"/>
    <property name="file.encoding.pkg" value="sun.io"/>
    <property name="user.script" value=""/>
    <property name="user.country" value="US"/>
    <property name="sun.java.launcher" value="SUN_STANDARD"/>
    <property name="sun.os.patch.level" value="Service Pack 3"/>
    <property name="java.vm.specification.name" value="Java Virtual Machine Specification"/>
    <property name="user.dir" value="D:\DEV\Raildelays\httpclient-layer"/>
    <property name="java.runtime.version" value="1.7.0_02-b13"/>
    <property name="java.awt.graphicsenv" value="sun.awt.Win32GraphicsEnvironment"/>
    <property name="basedir" value="D:\DEV\Raildelays\httpclient-layer"/>
    <property name="java.endorsed.dirs" value="C:\Program Files\Java\jdk1.7.0_02\jre\lib\endorsed"/>
    <property name="os.arch" value="x86"/>
    <property name="surefire.real.class.path" value="D:\DEV\Raildelays\httpclient-layer\target\surefire\surefirebooter2274931860691996777.jar"/>
    <property name="java.io.tmpdir" value="C:\Temp\"/>
    <property name="line.separator" value="
"/>
    <property name="java.vm.specification.vendor" value="Oracle Corporation"/>
    <property name="user.variant" value=""/>
    <property name="os.name" value="Windows XP"/>
    <property name="sun.jnu.encoding" value="Cp1252"/>
    <property name="java.library.path" value="C:\Program Files\Java\jdk1.7.0_02\jre\bin;C:\WINDOWS\Sun\Java\bin;C:\WINDOWS\system32;C:\WINDOWS;C:\WINDOWS\system32;C:\WINDOWS;C:\WINDOWS\System32\Wbem;C:\Program Files\Reflection\;W:\Perl\bin;D:\SOFTWARE\Maven\apache-maven-3.0.3\bin;C:\Program Files\TortoiseGit\bin;."/>
    <property name="surefire.test.class.path" value="D:\DEV\Raildelays\httpclient-layer\target\test-classes;D:\DEV\Raildelays\httpclient-layer\target\classes;D:\DEV\Raildelays\common-layer\target\raildelays-common-1.0.0-SNAPSHOT.jar;C:\Documents and Settings\pcuser\.m2\repository\org\codehaus\groovy\groovy\1.8.0\groovy-1.8.0.jar;C:\Documents and Settings\pcuser\.m2\repository\antlr\antlr\2.7.7\antlr-2.7.7.jar;C:\Documents and Settings\pcuser\.m2\repository\asm\asm\3.2\asm-3.2.jar;C:\Documents and Settings\pcuser\.m2\repository\asm\asm-commons\3.2\asm-commons-3.2.jar;C:\Documents and Settings\pcuser\.m2\repository\asm\asm-util\3.2\asm-util-3.2.jar;C:\Documents and Settings\pcuser\.m2\repository\asm\asm-analysis\3.2\asm-analysis-3.2.jar;C:\Documents and Settings\pcuser\.m2\repository\asm\asm-tree\3.2\asm-tree-3.2.jar;C:\Documents and Settings\pcuser\.m2\repository\junit\junit\4.10\junit-4.10.jar;C:\Documents and Settings\pcuser\.m2\repository\org\hamcrest\hamcrest-core\1.1\hamcrest-core-1.1.jar;C:\Documents and Settings\pcuser\.m2\repository\log4j\log4j\1.2.16\log4j-1.2.16.jar;C:\Documents and Settings\pcuser\.m2\repository\org\codehaus\groovy\modules\http-builder\http-builder\0.5.2\http-builder-0.5.2.jar;C:\Documents and Settings\pcuser\.m2\repository\org\apache\httpcomponents\httpclient\4.0.3\httpclient-4.0.3.jar;C:\Documents and Settings\pcuser\.m2\repository\org\apache\httpcomponents\httpcore\4.0.1\httpcore-4.0.1.jar;C:\Documents and Settings\pcuser\.m2\repository\commons-logging\commons-logging\1.1.1\commons-logging-1.1.1.jar;C:\Documents and Settings\pcuser\.m2\repository\commons-codec\commons-codec\1.3\commons-codec-1.3.jar;C:\Documents and Settings\pcuser\.m2\repository\net\sf\json-lib\json-lib\2.3\json-lib-2.3-jdk15.jar;C:\Documents and Settings\pcuser\.m2\repository\commons-beanutils\commons-beanutils\1.8.0\commons-beanutils-1.8.0.jar;C:\Documents and Settings\pcuser\.m2\repository\commons-collections\commons-collections\3.2.1\commons-collections-3.2.1.jar;C:\Documents and Settings\pcuser\.m2\repository\commons-lang\commons-lang\2.4\commons-lang-2.4.jar;C:\Documents and Settings\pcuser\.m2\repository\net\sf\ezmorph\ezmorph\1.0.6\ezmorph-1.0.6.jar;C:\Documents and Settings\pcuser\.m2\repository\net\sourceforge\nekohtml\nekohtml\1.9.9\nekohtml-1.9.9.jar;C:\Documents and Settings\pcuser\.m2\repository\xerces\xercesImpl\2.8.1\xercesImpl-2.8.1.jar;C:\Documents and Settings\pcuser\.m2\repository\xml-apis\xml-apis\1.3.03\xml-apis-1.3.03.jar;C:\Documents and Settings\pcuser\.m2\repository\xml-resolver\xml-resolver\1.2\xml-resolver-1.2.jar;"/>
    <property name="java.specification.name" value="Java Platform API Specification"/>
    <property name="java.class.version" value="51.0"/>
    <property name="sun.management.compiler" value="HotSpot Client Compiler"/>
    <property name="os.version" value="5.1"/>
    <property name="user.home" value="C:\Documents and Settings\pcuser"/>
    <property name="user.timezone" value="Europe/Paris"/>
    <property name="java.awt.printerjob" value="sun.awt.windows.WPrinterJob"/>
    <property name="java.specification.version" value="1.7"/>
    <property name="file.encoding" value="Cp1252"/>
    <property name="user.name" value="PCuser"/>
    <property name="java.class.path" value="D:\DEV\Raildelays\httpclient-layer\target\test-classes;D:\DEV\Raildelays\httpclient-layer\target\classes;D:\DEV\Raildelays\common-layer\target\raildelays-common-1.0.0-SNAPSHOT.jar;C:\Documents and Settings\pcuser\.m2\repository\org\codehaus\groovy\groovy\1.8.0\groovy-1.8.0.jar;C:\Documents and Settings\pcuser\.m2\repository\antlr\antlr\2.7.7\antlr-2.7.7.jar;C:\Documents and Settings\pcuser\.m2\repository\asm\asm\3.2\asm-3.2.jar;C:\Documents and Settings\pcuser\.m2\repository\asm\asm-commons\3.2\asm-commons-3.2.jar;C:\Documents and Settings\pcuser\.m2\repository\asm\asm-util\3.2\asm-util-3.2.jar;C:\Documents and Settings\pcuser\.m2\repository\asm\asm-analysis\3.2\asm-analysis-3.2.jar;C:\Documents and Settings\pcuser\.m2\repository\asm\asm-tree\3.2\asm-tree-3.2.jar;C:\Documents and Settings\pcuser\.m2\repository\junit\junit\4.10\junit-4.10.jar;C:\Documents and Settings\pcuser\.m2\repository\org\hamcrest\hamcrest-core\1.1\hamcrest-core-1.1.jar;C:\Documents and Settings\pcuser\.m2\repository\log4j\log4j\1.2.16\log4j-1.2.16.jar;C:\Documents and Settings\pcuser\.m2\repository\org\codehaus\groovy\modules\http-builder\http-builder\0.5.2\http-builder-0.5.2.jar;C:\Documents and Settings\pcuser\.m2\repository\org\apache\httpcomponents\httpclient\4.0.3\httpclient-4.0.3.jar;C:\Documents and Settings\pcuser\.m2\repository\org\apache\httpcomponents\httpcore\4.0.1\httpcore-4.0.1.jar;C:\Documents and Settings\pcuser\.m2\repository\commons-logging\commons-logging\1.1.1\commons-logging-1.1.1.jar;C:\Documents and Settings\pcuser\.m2\repository\commons-codec\commons-codec\1.3\commons-codec-1.3.jar;C:\Documents and Settings\pcuser\.m2\repository\net\sf\json-lib\json-lib\2.3\json-lib-2.3-jdk15.jar;C:\Documents and Settings\pcuser\.m2\repository\commons-beanutils\commons-beanutils\1.8.0\commons-beanutils-1.8.0.jar;C:\Documents and Settings\pcuser\.m2\repository\commons-collections\commons-collections\3.2.1\commons-collections-3.2.1.jar;C:\Documents and Settings\pcuser\.m2\repository\commons-lang\commons-lang\2.4\commons-lang-2.4.jar;C:\Documents and Settings\pcuser\.m2\repository\net\sf\ezmorph\ezmorph\1.0.6\ezmorph-1.0.6.jar;C:\Documents and Settings\pcuser\.m2\repository\net\sourceforge\nekohtml\nekohtml\1.9.9\nekohtml-1.9.9.jar;C:\Documents and Settings\pcuser\.m2\repository\xerces\xercesImpl\2.8.1\xercesImpl-2.8.1.jar;C:\Documents and Settings\pcuser\.m2\repository\xml-apis\xml-apis\1.3.03\xml-apis-1.3.03.jar;C:\Documents and Settings\pcuser\.m2\repository\xml-resolver\xml-resolver\1.2\xml-resolver-1.2.jar;"/>
    <property name="java.vm.specification.version" value="1.7"/>
    <property name="sun.arch.data.model" value="32"/>
    <property name="java.home" value="C:\Program Files\Java\jdk1.7.0_02\jre"/>
    <property name="sun.java.command" value="D:\DEV\Raildelays\httpclient-layer\target\surefire\surefirebooter2274931860691996777.jar D:\DEV\Raildelays\httpclient-layer\target\surefire\surefire1173953047215445075tmp D:\DEV\Raildelays\httpclient-layer\target\surefire\surefire4041611992981200352tmp"/>
    <property name="java.specification.vendor" value="Oracle Corporation"/>
    <property name="user.language" value="en"/>
    <property name="user.language.format" value="fr"/>
    <property name="awt.toolkit" value="sun.awt.windows.WToolkit"/>
    <property name="java.vm.info" value="mixed mode, sharing"/>
    <property name="java.version" value="1.7.0_02"/>
    <property name="java.ext.dirs" value="C:\Program Files\Java\jdk1.7.0_02\jre\lib\ext;C:\WINDOWS\Sun\Java\lib\ext"/>
    <property name="sun.boot.class.path" value="C:\Program Files\Java\jdk1.7.0_02\jre\lib\resources.jar;C:\Program Files\Java\jdk1.7.0_02\jre\lib\rt.jar;C:\Program Files\Java\jdk1.7.0_02\jre\lib\sunrsasign.jar;C:\Program Files\Java\jdk1.7.0_02\jre\lib\jsse.jar;C:\Program Files\Java\jdk1.7.0_02\jre\lib\jce.jar;C:\Program Files\Java\jdk1.7.0_02\jre\lib\charsets.jar;C:\Program Files\Java\jdk1.7.0_02\jre\classes"/>
    <property name="java.vendor" value="Oracle Corporation"/>
    <property name="localRepository" value="C:\Documents and Settings\pcuser\.m2\repository"/>
    <property name="file.separator" value="\"/>
    <property name="java.vendor.url.bug" value="http://bugreport.sun.com/bugreport/"/>
    <property name="sun.cpu.endian" value="little"/>
    <property name="sun.io.unicode.encoding" value="UnicodeLittle"/>
    <property name="sun.desktop" value="windows"/>
    <property name="sun.cpu.isalist" value="pentium_pro+mmx pentium_pro pentium+mmx pentium i486 i386 i86"/>
  </properties>
  <testcase time="0.875" classname="be.raildelays.httpclient.RequestStreamerTest" name="testGetStationList"/>
  <testcase time="0.797" classname="be.raildelays.httpclient.RequestStreamerTest" name="testGetTrainList"/>
  <testcase time="0.187" classname="be.raildelays.httpclient.RequestStreamerTest" name="testGetDelays"/>
</testsuite>