<?xml version="1.0" encoding="UTF-8" ?>
<testsuite failures="0" time="0.015" errors="0" skipped="0" tests="0" name="be.raildelays.httpclient.RequestStreamerTest">
  <properties>
    <property name="java.runtime.name" value="Java(TM) SE Runtime Environment"/>
    <property name="sun.boot.library.path" value="C:\Program Files\Java\jdk1.7.0_02\jre\bin"/>
    <property name="java.vm.version" value="22.0-b10"/>
    <property name="user.country.format" value="BE"/>
    <property name="java.vm.vendor" value="Oracle Corporation"/>
    <property name="java.vendor.url" value="http://java.oracle.com/"/>
    <property name="path.separator" value=";"/>
    <property name="java.vm.name" value="Java HotSpot(TM) Client VM"/>
    <property name="file.encoding.pkg" value="sun.io"/>
    <property name="user.script" value=""/>
    <property name="user.country" value="US"/>
    <property name="sun.java.launcher" value="SUN_STANDARD"/>
    <property name="sun.os.patch.level" value="Service Pack 3"/>
    <property name="java.vm.specification.name" value="Java Virtual Machine Specification"/>
    <property name="user.dir" value="D:\DEV\Raildelays\httpclient-layer"/>
    <property name="java.runtime.version" value="1.7.0_02-b13"/>
    <property name="java.awt.graphicsenv" value="sun.awt.Win32GraphicsEnvironment"/>
    <property name="basedir" value="D:\DEV\Raildelays\httpclient-layer"/>
    <property name="java.endorsed.dirs" value="C:\Program Files\Java\jdk1.7.0_02\jre\lib\endorsed"/>
    <property name="os.arch" value="x86"/>
    <property name="surefire.real.class.path" value="D:\DEV\Raildelays\httpclient-layer\target\surefire\surefirebooter4403751713161200539.jar"/>
    <property name="java.io.tmpdir" value="C:\Temp\"/>
    <property name="line.separator" value="
"/>
    <property name="java.vm.specification.vendor" value="Oracle Corporation"/>
    <property name="user.variant" value=""/>
    <property name="os.name" value="Windows XP"/>
    <property name="sun.jnu.encoding" value="Cp1252"/>
    <property name="java.library.path" value="C:\Program Files\Java\jdk1.7.0_02\jre\bin;C:\WINDOWS\Sun\Java\bin;C:\WINDOWS\system32;C:\WINDOWS;C:\WINDOWS\system32;C:\WINDOWS;C:\WINDOWS\System32\Wbem;C:\Program Files\Reflection\;W:\Perl\bin;D:\SOFTWARE\Maven\apache-maven-3.0.3\bin;C:\Program Files\TortoiseGit\bin;."/>
    <property name="surefire.test.class.path" value="D:\DEV\Raildelays\httpclient-layer\target\test-classes;D:\DEV\Raildelays\httpclient-layer\target\classes;C:\Documents and Settings\pcuser\.m2\repository\org\codehaus\groovy\groovy\1.8.0\groovy-1.8.0.jar;C:\Documents and Settings\pcuser\.m2\repository\antlr\antlr\2.7.7\antlr-2.7.7.jar;C:\Documents and Settings\pcuser\.m2\repository\asm\asm\3.2\asm-3.2.jar;C:\Documents and Settings\pcuser\.m2\repository\asm\asm-commons\3.2\asm-commons-3.2.jar;C:\Documents and Settings\pcuser\.m2\repository\asm\asm-util\3.2\asm-util-3.2.jar;C:\Documents and Settings\pcuser\.m2\repository\asm\asm-analysis\3.2\asm-analysis-3.2.jar;C:\Documents and Settings\pcuser\.m2\repository\asm\asm-tree\3.2\asm-tree-3.2.jar;"/>
    <property name="java.specification.name" value="Java Platform API Specification"/>
    <property name="java.class.version" value="51.0"/>
    <property name="sun.management.compiler" value="HotSpot Client Compiler"/>
    <property name="os.version" value="5.1"/>
    <property name="user.home" value="C:\Documents and Settings\pcuser"/>
    <property name="user.timezone" value=""/>
    <property name="java.awt.printerjob" value="sun.awt.windows.WPrinterJob"/>
    <property name="java.specification.version" value="1.7"/>
    <property name="file.encoding" value="Cp1252"/>
    <property name="user.name" value="PCuser"/>
    <property name="java.class.path" value="D:\DEV\Raildelays\httpclient-layer\target\test-classes;D:\DEV\Raildelays\httpclient-layer\target\classes;C:\Documents and Settings\pcuser\.m2\repository\org\codehaus\groovy\groovy\1.8.0\groovy-1.8.0.jar;C:\Documents and Settings\pcuser\.m2\repository\antlr\antlr\2.7.7\antlr-2.7.7.jar;C:\Documents and Settings\pcuser\.m2\repository\asm\asm\3.2\asm-3.2.jar;C:\Documents and Settings\pcuser\.m2\repository\asm\asm-commons\3.2\asm-commons-3.2.jar;C:\Documents and Settings\pcuser\.m2\repository\asm\asm-util\3.2\asm-util-3.2.jar;C:\Documents and Settings\pcuser\.m2\repository\asm\asm-analysis\3.2\asm-analysis-3.2.jar;C:\Documents and Settings\pcuser\.m2\repository\asm\asm-tree\3.2\asm-tree-3.2.jar;"/>
    <property name="java.vm.specification.version" value="1.7"/>
    <property name="sun.arch.data.model" value="32"/>
    <property name="java.home" value="C:\Program Files\Java\jdk1.7.0_02\jre"/>
    <property name="sun.java.command" value="D:\DEV\Raildelays\httpclient-layer\target\surefire\surefirebooter4403751713161200539.jar D:\DEV\Raildelays\httpclient-layer\target\surefire\surefire6022427507461290711tmp D:\DEV\Raildelays\httpclient-layer\target\surefire\surefire7487186823832424527tmp"/>
    <property name="java.specification.vendor" value="Oracle Corporation"/>
    <property name="user.language" value="en"/>
    <property name="user.language.format" value="fr"/>
    <property name="awt.toolkit" value="sun.awt.windows.WToolkit"/>
    <property name="java.vm.info" value="mixed mode, sharing"/>
    <property name="java.version" value="1.7.0_02"/>
    <property name="java.ext.dirs" value="C:\Program Files\Java\jdk1.7.0_02\jre\lib\ext;C:\WINDOWS\Sun\Java\lib\ext"/>
    <property name="sun.boot.class.path" value="C:\Program Files\Java\jdk1.7.0_02\jre\lib\resources.jar;C:\Program Files\Java\jdk1.7.0_02\jre\lib\rt.jar;C:\Program Files\Java\jdk1.7.0_02\jre\lib\sunrsasign.jar;C:\Program Files\Java\jdk1.7.0_02\jre\lib\jsse.jar;C:\Program Files\Java\jdk1.7.0_02\jre\lib\jce.jar;C:\Program Files\Java\jdk1.7.0_02\jre\lib\charsets.jar;C:\Program Files\Java\jdk1.7.0_02\jre\classes"/>
    <property name="java.vendor" value="Oracle Corporation"/>
    <property name="localRepository" value="C:\Documents and Settings\pcuser\.m2\repository"/>
    <property name="file.separator" value="\"/>
    <property name="java.vendor.url.bug" value="http://bugreport.sun.com/bugreport/"/>
    <property name="sun.cpu.endian" value="little"/>
    <property name="sun.io.unicode.encoding" value="UnicodeLittle"/>
    <property name="sun.desktop" value="windows"/>
    <property name="sun.cpu.isalist" value="pentium_pro+mmx pentium_pro pentium+mmx pentium i486 i386 i86"/>
  </properties>
</testsuite>